Unity Editor version:    2020.3.19f1 (68f137dc9bbe)
Branch:                  2020.3/staging
Build type:              Release
Batch mode:              YES
macOS version:           Version 12.1 (Build 21C52)
Darwin version:          21.2.0
Architecture:            x86_64
Running under Rosetta:   NO
Available memory:        16384 MB
Using pre-set license
Pro License: NO

COMMAND LINE ARGUMENTS:
/Applications/Unity/Hub/Editor/2020.3.19f1/Unity.app/Contents/MacOS/Unity
-adb2
-batchMode
-noUpm
-name
AssetImportWorker0
-projectPath
/Users/utkugogen/Desktop/utku/Grab and Run Github/bootcamp-project-4team/4Project
-logFile
Logs/AssetImportWorker0.log
-srvPort
54184
Successfully changed project path to: /Users/utkugogen/Desktop/utku/Grab and Run Github/bootcamp-project-4team/4Project
/Users/utkugogen/Desktop/utku/Grab and Run Github/bootcamp-project-4team/4Project
Using Asset Import Pipeline V2.
Refreshing native plugins compatible for Editor in 37.04 ms, found 2 plugins.
Preloading 0 native plugins for Editor in 0.00 ms.
Initialize engine version: 2020.3.19f1 (68f137dc9bbe)
[Subsystems] Discovering subsystems at path /Applications/Unity/Hub/Editor/2020.3.19f1/Unity.app/Contents/Resources/UnitySubsystems
[Subsystems] Discovering subsystems at path /Users/utkugogen/Desktop/utku/Grab and Run Github/bootcamp-project-4team/4Project/Assets
GfxDevice: creating device client; threaded=0
2022-05-10 01:13:42.405 Unity[20171:2770367] Color LCD preferred device: AMD Radeon Pro 560 (high power)
2022-05-10 01:13:42.405 Unity[20171:2770367] Metal devices available: 2
2022-05-10 01:13:42.405 Unity[20171:2770367] 0: AMD Radeon Pro 560 (high power)
2022-05-10 01:13:42.405 Unity[20171:2770367] 1: Intel(R) HD Graphics 630 (low power)
2022-05-10 01:13:42.406 Unity[20171:2770367] Using device AMD Radeon Pro 560 (high power)
Initializing Metal device caps: AMD Radeon Pro 560
Initialize mono
Mono path[0] = '/Applications/Unity/Hub/Editor/2020.3.19f1/Unity.app/Contents/Managed'
Mono path[1] = '/Applications/Unity/Hub/Editor/2020.3.19f1/Unity.app/Contents/MonoBleedingEdge/lib/mono/unityjit'
Mono config path = '/Applications/Unity/Hub/Editor/2020.3.19f1/Unity.app/Contents/MonoBleedingEdge/etc'
Using monoOptions --debugger-agent=transport=dt_socket,embedding=1,server=y,suspend=n,address=127.0.0.1:56171
Begin MonoManager ReloadAssembly
Registering precompiled unity dll's ...
Register platform support module: /Applications/Unity/Hub/Editor/2020.3.19f1/Unity.app/Contents/PlaybackEngines/MacStandaloneSupport/UnityEditor.OSXStandalone.Extensions.dll
Registered in 0.000628 seconds.
Native extension for OSXStandalone target not found
Refreshing native plugins compatible for Editor in 36.43 ms, found 2 plugins.
Preloading 0 native plugins for Editor in 0.00 ms.
Mono: successfully reloaded assembly
- Completed reload, in  3.568 seconds
Domain Reload Profiling:
	ReloadAssembly (3568ms)
		BeginReloadAssembly (51ms)
			ExecutionOrderSort (0ms)
			DisableScriptedObjects (0ms)
			BackupInstance (0ms)
			ReleaseScriptingObjects (0ms)
			CreateAndSetChildDomain (1ms)
		EndReloadAssembly (528ms)
			LoadAssemblies (50ms)
			RebuildTransferFunctionScriptingTraits (0ms)
			SetupTypeCache (206ms)
			ReleaseScriptCaches (0ms)
			RebuildScriptCaches (45ms)
			SetupLoadedEditorAssemblies (210ms)
				LogAssemblyErrors (0ms)
				InitializePlatformSupportModulesInManaged (4ms)
				SetLoadedEditorAssemblies (0ms)
				RefreshPlugins (36ms)
				BeforeProcessingInitializeOnLoad (31ms)
				ProcessInitializeOnLoadAttributes (105ms)
				ProcessInitializeOnLoadMethodAttributes (33ms)
				AfterProcessingInitializeOnLoad (0ms)
				EditorAssembliesLoaded (0ms)
			ExecutionOrderSort2 (0ms)
			AwakeInstancesAfterBackupRestoration (0ms)
Platform modules already initialized, skipping
Registering precompiled user dll's ...
Registered in 0.001662 seconds.
Begin MonoManager ReloadAssembly
Native extension for OSXStandalone target not found
Refreshing native plugins compatible for Editor in 0.40 ms, found 2 plugins.
Preloading 0 native plugins for Editor in 0.00 ms.
Mono: successfully reloaded assembly
- Completed reload, in  1.204 seconds
Domain Reload Profiling:
	ReloadAssembly (1205ms)
		BeginReloadAssembly (165ms)
			ExecutionOrderSort (0ms)
			DisableScriptedObjects (5ms)
			BackupInstance (0ms)
			ReleaseScriptingObjects (0ms)
			CreateAndSetChildDomain (24ms)
		EndReloadAssembly (971ms)
			LoadAssemblies (86ms)
			RebuildTransferFunctionScriptingTraits (0ms)
			SetupTypeCache (352ms)
			ReleaseScriptCaches (0ms)
			RebuildScriptCaches (61ms)
			SetupLoadedEditorAssemblies (336ms)
				LogAssemblyErrors (0ms)
				InitializePlatformSupportModulesInManaged (5ms)
				SetLoadedEditorAssemblies (1ms)
				RefreshPlugins (0ms)
				BeforeProcessingInitializeOnLoad (83ms)
				ProcessInitializeOnLoadAttributes (240ms)
				ProcessInitializeOnLoadMethodAttributes (5ms)
				AfterProcessingInitializeOnLoad (1ms)
				EditorAssembliesLoaded (0ms)
			ExecutionOrderSort2 (0ms)
			AwakeInstancesAfterBackupRestoration (8ms)
Platform modules already initialized, skipping
Validating Project structure ... 0.008382 seconds.
Shader import version has changed; will reimport all shaders...
Upgrading shader files ...0.022635 seconds.
Application.AssetDatabase Initial Script Refresh Start
RefreshInfo: InitialScriptRefreshV2(NoUpdateAssetOptions) scanfilter:  ... 1 filters
RefreshProfiler: Total: 0.000ms
Application.AssetDatabase Initial Script Refresh End
Application.AssetDatabase.Refresh Start
Application.AssetDatabase.Refresh End
RefreshInfo: StopAssetImportingV2(ForceSynchronousImport) scanfilter: 
RefreshProfiler: Total: 0.000ms
Launching external process: /Applications/Unity/Hub/Editor/2020.3.19f1/Unity.app/Contents/Tools/UnityShaderCompiler
Launched and connected shader compiler UnityShaderCompiler after 0.01 seconds
Initializing Unity extensions:
2022-05-10 01:13:47.891 Unity[20171:2770367] NSEventModifierFlagFunction specified to -setKeyEquivalentModifierMask: for item <NSMenuItem: 0x600001f850a0 Font Asset, ke='Command-F12'>, but is only supported for system-provided menu items; will not be used
2022-05-10 01:13:47.894 Unity[20171:2770367] NSEventModifierFlagFunction specified to -setKeyEquivalentModifierMask: for item <NSMenuItem: 0x600001f92e60 Font Asset, ke='Command-F12'>, but is only supported for system-provided menu items; will not be used
========================================================================
Worker process is ready to serve import requests
Refreshing native plugins compatible for Editor in 0.37 ms, found 2 plugins.
Preloading 0 native plugins for Editor in 0.00 ms.
Unloading 1444 Unused Serialized files (Serialized files now loaded: 0)
System memory in use before: 174.6 MB.
System memory in use after: 173.8 MB.

Unloading 92 unused Assets to reduce memory usage. Loaded Objects now: 1925.
Total: 3.380949 ms (FindLiveObjects: 0.172604 ms CreateObjectMapping: 0.043722 ms MarkObjects: 2.630117 ms  DeleteObjects: 0.533654 ms)

AssetImportParameters requested are different than current active one (requested -> active):
  custom:video-decoder-ogg-theora: a1e56fd34408186e4bbccfd4996cb3dc -> 
  custom:container-muxer-webm: aa71ff27fc2769a1b78a27578f13a17b -> 
  custom:container-demuxer-webm: 4f35f7cbe854078d1ac9338744f61a02 -> 
  custom:container-demuxer-ogg: 62fdf1f143b41e24485cea50d1cbac27 -> 
  custom:video-encoder-webm-vp8: eb34c28f22e8b96e1ab97ce403110664 -> 
  custom:framework-osx-AVFoundation: e770b220cccbd017edd2c1fefb359320 -> 
  custom:video-decoder-webm-vp8: 9c59270c3fd7afecdb556c50c9e8de78 -> 
  custom:audio-decoder-ogg-vorbis: bf7c407c2cedff20999df2af8eb42d56 -> 
  custom:audio-encoder-webm-vorbis: bf7c407c2cedff20999df2af8eb42d56 -> 
========================================================================
Received Import Request.
  path: Assets/DoTween/Resources/DOTweenSettings.asset
  artifactKey: Guid(d64aeedfb1c324207b07953783da547a) Importer(815301076,1909f56bfc062723c751e8b465ee728b)
Start importing Assets/DoTween/Resources/DOTweenSettings.asset using Guid(d64aeedfb1c324207b07953783da547a) Importer(815301076,1909f56bfc062723c751e8b465ee728b)  -> (artifact id: 'd84c2a448f8b6a6a5c61c83682ca4585') in 0.849511 seconds 
  Import took 0.852616 seconds .

========================================================================
Received Import Request.
  Time since last request: 3.644098 seconds.
  path: Assets/Sprites/brain_1f9e0.png
  artifactKey: Guid(c00d0e5e8cb9a4768b7263739030a7a0) Importer(815301076,1909f56bfc062723c751e8b465ee728b)
Start importing Assets/Sprites/brain_1f9e0.png using Guid(c00d0e5e8cb9a4768b7263739030a7a0) Importer(815301076,1909f56bfc062723c751e8b465ee728b)  -> (artifact id: '5bf12e76f57d5eb23387eb50619451ae') in 0.769185 seconds 
  Import took 0.772301 seconds .

========================================================================
Received Import Request.
  Time since last request: 0.004242 seconds.
  path: Assets/Sprites/parmak.png
  artifactKey: Guid(9bf889f5fc75e46e9a9112c9142461bc) Importer(815301076,1909f56bfc062723c751e8b465ee728b)
Start importing Assets/Sprites/parmak.png using Guid(9bf889f5fc75e46e9a9112c9142461bc) Importer(815301076,1909f56bfc062723c751e8b465ee728b)  -> (artifact id: 'e7942716789b4220c1f78bf2ca19cd7c') in 0.032945 seconds 
  Import took 0.036114 seconds .

========================================================================
Received Import Request.
  Time since last request: 0.000252 seconds.
  path: Assets/Sprites/parmakArkaplan.png
  artifactKey: Guid(5d135ac8243cc46f9ae05eb6f7353d97) Importer(815301076,1909f56bfc062723c751e8b465ee728b)
Start importing Assets/Sprites/parmakArkaplan.png using Guid(5d135ac8243cc46f9ae05eb6f7353d97) Importer(815301076,1909f56bfc062723c751e8b465ee728b)  -> (artifact id: '2ec8712a9fd8a3324f0bde837bfebbab') in 0.021759 seconds 
  Import took 0.025148 seconds .

========================================================================
Received Import Request.
  Time since last request: 0.000276 seconds.
  path: Assets/Sprites/zeminCizgi.jpg
  artifactKey: Guid(07f368e3131624666b31a4cc8d6ff77a) Importer(815301076,1909f56bfc062723c751e8b465ee728b)
Start importing Assets/Sprites/zeminCizgi.jpg using Guid(07f368e3131624666b31a4cc8d6ff77a) Importer(815301076,1909f56bfc062723c751e8b465ee728b)  -> (artifact id: 'fc6bfd4f19d640ab7883c66a677280fa') in 0.747181 seconds 
  Import took 0.750166 seconds .

========================================================================
Received Import Request.
  Time since last request: 0.003761 seconds.
  path: Assets/Sprites/bubble.png
  artifactKey: Guid(a149c52c422e54ebea640dcd706e40e6) Importer(815301076,1909f56bfc062723c751e8b465ee728b)
Start importing Assets/Sprites/bubble.png using Guid(a149c52c422e54ebea640dcd706e40e6) Importer(815301076,1909f56bfc062723c751e8b465ee728b)  -> (artifact id: '6b774e7a25453b06f75784a38f3f9e70') in 0.026046 seconds 
  Import took 0.029621 seconds .

========================================================================
Received Import Request.
  Time since last request: 0.000317 seconds.
  path: Assets/Sprites/face-savoring-food_1f60b.png
  artifactKey: Guid(54f23203fbd5f495a95f45ba555db931) Importer(815301076,1909f56bfc062723c751e8b465ee728b)
Start importing Assets/Sprites/face-savoring-food_1f60b.png using Guid(54f23203fbd5f495a95f45ba555db931) Importer(815301076,1909f56bfc062723c751e8b465ee728b)  -> (artifact id: 'cc9255a1c3305501459ec18ea6b5b439') in 0.014223 seconds 
  Import took 0.017264 seconds .

AssetImportWorkerClient::OnTransportError - code=2 error=End of file
